c:\aaaaa\tr5_mod_termmod-main\tr5_mod_termmod-main\dsound\release\vc143.pdb
c:\aaaaa\tr5_mod_termmod-main\tr5_mod_termmod-main\dsound\release\process.obj
c:\aaaaa\tr5_mod_termmod-main\tr5_mod_termmod-main\dsound\release\output_debug_stream.obj
c:\aaaaa\tr5_mod_termmod-main\tr5_mod_termmod-main\dsound\release\on_event.obj
c:\aaaaa\tr5_mod_termmod-main\tr5_mod_termmod-main\dsound\release\hook_functions_replace.obj
c:\aaaaa\tr5_mod_termmod-main\tr5_mod_termmod-main\dsound\release\hook_functions_direct.obj
c:\aaaaa\tr5_mod_termmod-main\tr5_mod_termmod-main\dsound\release\hook_defwindowproca_custom.obj
c:\aaaaa\tr5_mod_termmod-main\tr5_mod_termmod-main\dsound\release\hook_bgm_filename.obj
c:\aaaaa\tr5_mod_termmod-main\tr5_mod_termmod-main\dsound\release\hook_bgm3_filename.obj
c:\aaaaa\tr5_mod_termmod-main\tr5_mod_termmod-main\dsound\release\game_window.obj
c:\aaaaa\tr5_mod_termmod-main\tr5_mod_termmod-main\dsound\release\game_processs.obj
c:\aaaaa\tr5_mod_termmod-main\tr5_mod_termmod-main\dsound\release\fileexist.obj
c:\aaaaa\tr5_mod_termmod-main\tr5_mod_termmod-main\dsound\release\dllextern.obj
c:\aaaaa\tr5_mod_termmod-main\tr5_mod_termmod-main\dsound\release\dllmain.obj
c:\aaaaa\tr5_mod_termmod-main\tr5_mod_termmod-main\dsound\release\bgm_noloop_issue_patch.obj
c:\aaaaa\tr5_mod_termmod-main\tr5_mod_termmod-main\release\dsound.dll
c:\aaaaa\tr5_mod_termmod-main\tr5_mod_termmod-main\dsound\release\dsound.ipdb
c:\aaaaa\tr5_mod_termmod-main\tr5_mod_termmod-main\dsound\release\dsound.iobj
c:\aaaaa\tr5_mod_termmod-main\tr5_mod_termmod-main\release\dsound.lib
c:\aaaaa\tr5_mod_termmod-main\tr5_mod_termmod-main\release\dsound.exp
c:\aaaaa\tr5_mod_termmod-main\tr5_mod_termmod-main\dsound\release\dsound.res
g:\repogitory_jp\nobu7_mod_bgm_noplay_issue\dsound\release\bgm_noloop_issue_patch.obj
g:\repogitory_jp\nobu7_mod_bgm_noplay_issue\dsound\release\dllextern.obj
g:\repogitory_jp\nobu7_mod_bgm_noplay_issue\dsound\release\dllmain.obj
g:\repogitory_jp\nobu7_mod_bgm_noplay_issue\dsound\release\fileexist.obj
g:\repogitory_jp\nobu7_mod_bgm_noplay_issue\dsound\release\game_processs.obj
g:\repogitory_jp\nobu7_mod_bgm_noplay_issue\dsound\release\game_window.obj
g:\repogitory_jp\nobu7_mod_bgm_noplay_issue\dsound\release\hook_bgm3_filename.obj
g:\repogitory_jp\nobu7_mod_bgm_noplay_issue\dsound\release\hook_bgm_filename.obj
g:\repogitory_jp\nobu7_mod_bgm_noplay_issue\dsound\release\hook_defwindowproca_custom.obj
g:\repogitory_jp\nobu7_mod_bgm_noplay_issue\dsound\release\hook_functions_direct.obj
g:\repogitory_jp\nobu7_mod_bgm_noplay_issue\dsound\release\hook_functions_replace.obj
g:\repogitory_jp\nobu7_mod_bgm_noplay_issue\dsound\release\on_event.obj
g:\repogitory_jp\nobu7_mod_bgm_noplay_issue\dsound\release\output_debug_stream.obj
g:\repogitory_jp\nobu7_mod_bgm_noplay_issue\dsound\release\process.obj
g:\repogitory_jp\nobu7_mod_bgm_noplay_issue\dsound\release\dsound.ipdb
g:\repogitory_jp\nobu7_mod_bgm_noplay_issue\dsound\release\dsound.iobj
g:\repogitory_jp\nobu7_mod_bgm_noplay_issue\dsound\release\dsound.res
g:\repogitory_jp\nobu7_mod_bgm_noplay_issue\dsound\release\vc143.pdb
g:\repogitory_jp\nobu7_mod_bgm_noplay_issue\release\dsound.dll
g:\repogitory_jp\nobu7_mod_bgm_noplay_issue\dsound\release\dsound.tlog\cl.command.1.tlog
g:\repogitory_jp\nobu7_mod_bgm_noplay_issue\dsound\release\dsound.tlog\cl.items.tlog
g:\repogitory_jp\nobu7_mod_bgm_noplay_issue\dsound\release\dsound.tlog\cl.read.1.tlog
g:\repogitory_jp\nobu7_mod_bgm_noplay_issue\dsound\release\dsound.tlog\cl.write.1.tlog
g:\repogitory_jp\nobu7_mod_bgm_noplay_issue\dsound\release\dsound.tlog\link.command.1.tlog
g:\repogitory_jp\nobu7_mod_bgm_noplay_issue\dsound\release\dsound.tlog\link.read.1.tlog
g:\repogitory_jp\nobu7_mod_bgm_noplay_issue\dsound\release\dsound.tlog\link.write.1.tlog
g:\repogitory_jp\nobu7_mod_bgm_noplay_issue\dsound\release\dsound.tlog\link.write.2u.tlog
g:\repogitory_jp\nobu7_mod_bgm_noplay_issue\dsound\release\dsound.tlog\rc.command.1.tlog
g:\repogitory_jp\nobu7_mod_bgm_noplay_issue\dsound\release\dsound.tlog\rc.read.1.tlog
g:\repogitory_jp\nobu7_mod_bgm_noplay_issue\dsound\release\dsound.tlog\rc.write.1.tlog
