  bgm_noloop_issue_patch.cpp
  dllmain.cpp
  dllextern.cpp
  fileexist.cpp
  game_processs.cpp
  game_window.cpp
  hook_bgm3_filename.cpp
  hook_bgm_filename.cpp
  hook_defwindowproca_custom.cpp
  hook_functions_direct.cpp
  hook_functions_replace.cpp
  on_event.cpp
  output_debug_stream.cpp
  process.cpp
dsound.def : warning LNK4104: シンボル 'DllCanUnloadNow' のエクスポートは PRIVATE になります。
dsound.def : warning LNK4104: シンボル 'DllGetClassObject' のエクスポートは PRIVATE になります。
     ライブラリ C:\aaaaa\tr5_mod_termmod-main\tr5_mod_termmod-main\Release\dsound.lib とオブジェクト C:\aaaaa\tr5_mod_termmod-main\tr5_mod_termmod-main\Release\dsound.exp を作成中
  コード生成しています。
  Previous IPDB not found, fall back to full compilation.
  All 121 functions were compiled because no usable IPDB/IOBJ from previous compilation was found.
  コード生成が終了しました。
  dsound.vcxproj -> C:\aaaaa\tr5_mod_termmod-main\tr5_mod_termmod-main\Release\dsound.dll
